{
  "stats": {
    "suites": 2,
    "tests": 6,
    "passes": 6,
    "pending": 0,
    "failures": 0,
    "start": "2025-09-12T11:29:31.355Z",
    "end": "2025-09-12T11:29:31.513Z",
    "duration": 158,
    "testsRegistered": 6,
    "passPercent": 100,
    "pendingPercent": 0,
    "other": 0,
    "hasOther": false,
    "skipped": 0,
    "hasSkipped": false
  },
  "results": [
    {
      "uuid": "7f66585b-f173-485d-a96e-7155d668dfff",
      "title": "",
      "fullFile": "",
      "file": "",
      "beforeHooks": [],
      "afterHooks": [],
      "tests": [],
      "suites": [
        {
          "uuid": "f72807c7-be48-45ab-b564-6be2dabf183d",
          "title": "REST - Checkout Controller",
          "fullFile": "C:\\Users\\Nataliaado\\Documents\\projetos-automacao\\pgats-2025-02-base\\test\\rest\\controller\\checkoutController.test.js",
          "file": "\\test\\rest\\controller\\checkoutController.test.js",
          "beforeHooks": [
            {
              "title": "\"before each\" hook in \"REST - Checkout Controller\"",
              "fullTitle": "REST - Checkout Controller \"before each\" hook in \"REST - Checkout Controller\"",
              "timedOut": false,
              "duration": 9,
              "state": null,
              "speed": null,
              "pass": false,
              "fail": false,
              "pending": false,
              "context": null,
              "code": "const respostaLogin = await request(app)\n  .post(\"/api/users/login\")\n  .send(loginUser);\ntoken = respostaLogin.body.token;",
              "err": {},
              "uuid": "9fab9f29-32f7-4856-9194-50cb03326299",
              "parentUUID": "f72807c7-be48-45ab-b564-6be2dabf183d",
              "isHook": true,
              "skipped": false
            }
          ],
          "afterHooks": [
            {
              "title": "\"after each\" hook in \"REST - Checkout Controller\"",
              "fullTitle": "REST - Checkout Controller \"after each\" hook in \"REST - Checkout Controller\"",
              "timedOut": false,
              "duration": 0,
              "state": null,
              "speed": null,
              "pass": false,
              "fail": false,
              "pending": false,
              "context": null,
              "code": "sinon.restore();",
              "err": {},
              "uuid": "eaaaab14-bc76-474c-a4a6-45a48c455417",
              "parentUUID": "f72807c7-be48-45ab-b564-6be2dabf183d",
              "isHook": true,
              "skipped": false
            }
          ],
          "tests": [
            {
              "title": "Quando informo dados válidos, realiza o checkout com sucesso, com status 200",
              "fullTitle": "REST - Checkout Controller Quando informo dados válidos, realiza o checkout com sucesso, com status 200",
              "timedOut": false,
              "duration": 11,
              "state": "passed",
              "speed": "fast",
              "pass": true,
              "fail": false,
              "pending": false,
              "context": null,
              "code": "const resposta = await request(app)\n  .post(\"/api/checkout\")\n  .set(\"authorization\", `Bearer ${token}`)\n  .send(checkoutValido);\nexpect(resposta.status).to.equal(200);",
              "err": {},
              "uuid": "802b2d91-8d6c-406e-80aa-648422f0c0d3",
              "parentUUID": "f72807c7-be48-45ab-b564-6be2dabf183d",
              "isHook": false,
              "skipped": false
            },
            {
              "title": "Quando realizo checkout sem o Token, recebo mensagem de erro e status 401, via HTTP",
              "fullTitle": "REST - Checkout Controller Quando realizo checkout sem o Token, recebo mensagem de erro e status 401, via HTTP",
              "timedOut": false,
              "duration": 10,
              "state": "passed",
              "speed": "fast",
              "pass": true,
              "fail": false,
              "pending": false,
              "context": null,
              "code": "const resposta = await request(app)\n  .post(\"/api/checkout\")\n  .send(checkoutValido);\nexpect(resposta.status).to.equal(401);\nexpect(resposta.body).to.deep.equal(respostaEsperada);",
              "err": {},
              "uuid": "ccd03cfa-f363-42f3-9cdc-b3adcb1832b4",
              "parentUUID": "f72807c7-be48-45ab-b564-6be2dabf183d",
              "isHook": false,
              "skipped": false
            },
            {
              "title": "Usando Mock: Validar Produto não encontrado, status 400",
              "fullTitle": "REST - Checkout Controller Usando Mock: Validar Produto não encontrado, status 400",
              "timedOut": false,
              "duration": 12,
              "state": "passed",
              "speed": "fast",
              "pass": true,
              "fail": false,
              "pending": false,
              "context": null,
              "code": "const checkoutServiceMock = sinon.stub(checkoutService, \"checkout\");\ncheckoutServiceMock.throws(new Error(respostaErro.error));\nconst resposta = await request(app)\n  .post(\"/api/checkout\")\n  .set(\"authorization\", `Bearer ${token}`)\n  .send(checkoutValido);\nexpect(resposta.status).to.equal(400);\nexpect(resposta.body).to.deep.equal(respostaErro);",
              "err": {},
              "uuid": "672b8d05-dadc-42e8-98bc-632f0f13708e",
              "parentUUID": "f72807c7-be48-45ab-b564-6be2dabf183d",
              "isHook": false,
              "skipped": false
            }
          ],
          "suites": [],
          "passes": [
            "802b2d91-8d6c-406e-80aa-648422f0c0d3",
            "ccd03cfa-f363-42f3-9cdc-b3adcb1832b4",
            "672b8d05-dadc-42e8-98bc-632f0f13708e"
          ],
          "failures": [],
          "pending": [],
          "skipped": [],
          "duration": 33,
          "root": false,
          "rootEmpty": false,
          "_timeout": 10000
        },
        {
          "uuid": "3bc066e5-76b3-4af4-8088-7c719853a7ec",
          "title": "REST - Checkout via HTTP",
          "fullFile": "C:\\Users\\Nataliaado\\Documents\\projetos-automacao\\pgats-2025-02-base\\test\\rest\\external\\checkoutExternal.test.js",
          "file": "\\test\\rest\\external\\checkoutExternal.test.js",
          "beforeHooks": [
            {
              "title": "\"before all\" hook in \"REST - Checkout via HTTP\"",
              "fullTitle": "REST - Checkout via HTTP \"before all\" hook in \"REST - Checkout via HTTP\"",
              "timedOut": false,
              "duration": 27,
              "state": null,
              "speed": null,
              "pass": false,
              "fail": false,
              "pending": false,
              "context": null,
              "code": "const resposta = await request(process.env.BASE_URL_REST)\n  .post(\"/api/users/login\")\n  .send(loginUser);\ntoken = resposta.body.token;",
              "err": {},
              "uuid": "0da57085-c789-482b-86be-14c469256a08",
              "parentUUID": "3bc066e5-76b3-4af4-8088-7c719853a7ec",
              "isHook": true,
              "skipped": false
            }
          ],
          "afterHooks": [],
          "tests": [
            {
              "title": "Quando informo dados válidos, realiza o checkout com sucesso, com status 200, via HTTP",
              "fullTitle": "REST - Checkout via HTTP Quando informo dados válidos, realiza o checkout com sucesso, com status 200, via HTTP",
              "timedOut": false,
              "duration": 5,
              "state": "passed",
              "speed": "fast",
              "pass": true,
              "fail": false,
              "pending": false,
              "context": null,
              "code": "const resposta = await request(process.env.BASE_URL_REST)\n  .post(\"/api/checkout\")\n  .set(\"authorization\", `Bearer ${token}`)\n  .send(checkoutValido);\nexpect(resposta.status).to.equal(200);",
              "err": {},
              "uuid": "d94cf767-e1a6-4fa6-bb35-8364d59d9fec",
              "parentUUID": "3bc066e5-76b3-4af4-8088-7c719853a7ec",
              "isHook": false,
              "skipped": false
            },
            {
              "title": "Quando realizo checkout sem o Token, recebo mensagem de erro e status 401, via HTTP",
              "fullTitle": "REST - Checkout via HTTP Quando realizo checkout sem o Token, recebo mensagem de erro e status 401, via HTTP",
              "timedOut": false,
              "duration": 6,
              "state": "passed",
              "speed": "fast",
              "pass": true,
              "fail": false,
              "pending": false,
              "context": null,
              "code": "const resposta = await request(process.env.BASE_URL_REST)\n  .post(\"/api/checkout\")\n  .send(checkoutValido);\nexpect(resposta.status).to.equal(401);\nexpect(resposta.body).to.deep.equal(respostaTokenInvalido);",
              "err": {},
              "uuid": "ad4793dd-c293-49a0-bbd2-ebb2db80c1f5",
              "parentUUID": "3bc066e5-76b3-4af4-8088-7c719853a7ec",
              "isHook": false,
              "skipped": false
            },
            {
              "title": "Validar Produto não encontrado, status 400, via HTTP",
              "fullTitle": "REST - Checkout via HTTP Validar Produto não encontrado, status 400, via HTTP",
              "timedOut": false,
              "duration": 5,
              "state": "passed",
              "speed": "fast",
              "pass": true,
              "fail": false,
              "pending": false,
              "context": null,
              "code": "const resposta = await request(process.env.BASE_URL_REST)\n  .post(\"/api/checkout\")\n  .send(checkoutComErro)\n  .set(\"authorization\", `Bearer ${token}`);\nexpect(resposta.status).to.equal(400);\nexpect(resposta.body).to.deep.equal(respostaErroCheckout);",
              "err": {},
              "uuid": "75fcebba-35b4-467d-a761-aec25df64e3b",
              "parentUUID": "3bc066e5-76b3-4af4-8088-7c719853a7ec",
              "isHook": false,
              "skipped": false
            }
          ],
          "suites": [],
          "passes": [
            "d94cf767-e1a6-4fa6-bb35-8364d59d9fec",
            "ad4793dd-c293-49a0-bbd2-ebb2db80c1f5",
            "75fcebba-35b4-467d-a761-aec25df64e3b"
          ],
          "failures": [],
          "pending": [],
          "skipped": [],
          "duration": 16,
          "root": false,
          "rootEmpty": false,
          "_timeout": 10000
        }
      ],
      "passes": [],
      "failures": [],
      "pending": [],
      "skipped": [],
      "duration": 0,
      "root": true,
      "rootEmpty": true,
      "_timeout": 10000
    }
  ],
  "meta": {
    "mocha": {
      "version": "11.7.2"
    },
    "mochawesome": {
      "options": {
        "quiet": false,
        "reportFilename": "mochawesome",
        "saveHtml": true,
        "saveJson": true,
        "consoleReporter": "spec",
        "useInlineDiffs": false,
        "code": true
      },
      "version": "7.1.3"
    },
    "marge": {
      "options": null,
      "version": "6.2.0"
    }
  }
}