{
  "stats": {
    "suites": 2,
    "tests": 2,
    "passes": 2,
    "pending": 0,
    "failures": 0,
    "start": "2025-09-11T23:34:27.394Z",
    "end": "2025-09-11T23:34:27.579Z",
    "duration": 185,
    "testsRegistered": 2,
    "passPercent": 100,
    "pendingPercent": 0,
    "other": 0,
    "hasOther": false,
    "skipped": 0,
    "hasSkipped": false
  },
  "results": [
    {
      "uuid": "476eafd3-66f9-4a2e-b475-5793910479dd",
      "title": "",
      "fullFile": "C:\\Users\\Nataliaado\\Documents\\projetos-automacao\\pgats-2025-02-base\\test\\rest\\controller\\checkoutController.test.js",
      "file": "\\test\\rest\\controller\\checkoutController.test.js",
      "beforeHooks": [],
      "afterHooks": [],
      "tests": [],
      "suites": [
        {
          "uuid": "f552fe72-0261-4dea-bd8b-f604066918af",
          "title": "Checkout Controller",
          "fullFile": "C:\\Users\\Nataliaado\\Documents\\projetos-automacao\\pgats-2025-02-base\\test\\rest\\controller\\checkoutController.test.js",
          "file": "\\test\\rest\\controller\\checkoutController.test.js",
          "beforeHooks": [],
          "afterHooks": [],
          "tests": [],
          "suites": [
            {
              "uuid": "38c39105-9f04-4ff8-9b22-9a97d3fa1404",
              "title": "POST/ checkout",
              "fullFile": "C:\\Users\\Nataliaado\\Documents\\projetos-automacao\\pgats-2025-02-base\\test\\rest\\controller\\checkoutController.test.js",
              "file": "\\test\\rest\\controller\\checkoutController.test.js",
              "beforeHooks": [
                {
                  "title": "\"before each\" hook in \"POST/ checkout\"",
                  "fullTitle": "Checkout Controller POST/ checkout \"before each\" hook in \"POST/ checkout\"",
                  "timedOut": false,
                  "duration": 9,
                  "state": null,
                  "speed": null,
                  "pass": false,
                  "fail": false,
                  "pending": false,
                  "context": null,
                  "code": "const respostaLogin = await request(app).post(\"/api/users/login\").send({\n  email: \"alice@email.com\",\n  password: \"123456\",\n});\ntoken = respostaLogin.body.token;",
                  "err": {},
                  "uuid": "86a57eec-6173-46bc-9d42-034ebd6e067a",
                  "parentUUID": "38c39105-9f04-4ff8-9b22-9a97d3fa1404",
                  "isHook": true,
                  "skipped": false
                }
              ],
              "afterHooks": [
                {
                  "title": "\"after each\" hook in \"POST/ checkout\"",
                  "fullTitle": "Checkout Controller POST/ checkout \"after each\" hook in \"POST/ checkout\"",
                  "timedOut": false,
                  "duration": 0,
                  "state": null,
                  "speed": null,
                  "pass": false,
                  "fail": false,
                  "pending": false,
                  "context": null,
                  "code": "sinon.restore();",
                  "err": {},
                  "uuid": "e425fddc-4e38-4af2-a50f-f4921c9e50c1",
                  "parentUUID": "38c39105-9f04-4ff8-9b22-9a97d3fa1404",
                  "isHook": true,
                  "skipped": false
                }
              ],
              "tests": [
                {
                  "title": "Quando informo dados válidos, realiza o checkout com sucesso, com status 200",
                  "fullTitle": "Checkout Controller POST/ checkout Quando informo dados válidos, realiza o checkout com sucesso, com status 200",
                  "timedOut": false,
                  "duration": 25,
                  "state": "passed",
                  "speed": "fast",
                  "pass": true,
                  "fail": false,
                  "pending": false,
                  "context": null,
                  "code": "const resposta = await request(app)\n  .post(\"/api/checkout\")\n  .set(\"authorization\", `Bearer ${token}`)\n  .send(checkoutValido);\nexpect(resposta.status).to.equal(200);",
                  "err": {},
                  "uuid": "35d91a70-45c8-40cb-b71c-ba095f8e98f9",
                  "parentUUID": "38c39105-9f04-4ff8-9b22-9a97d3fa1404",
                  "isHook": false,
                  "skipped": false
                },
                {
                  "title": "Usando Mock: Produto não encontrado",
                  "fullTitle": "Checkout Controller POST/ checkout Usando Mock: Produto não encontrado",
                  "timedOut": false,
                  "duration": 30,
                  "state": "passed",
                  "speed": "fast",
                  "pass": true,
                  "fail": false,
                  "pending": false,
                  "context": null,
                  "code": "const checkoutServiceMock = sinon.stub(checkoutService, \"checkout\");\ncheckoutServiceMock.throws(\n  new Error(\"Dados do cartão obrigatórios para pagamento com cartão\")\n);\nconst resposta = await request(app)\n  .post(\"/api/checkout\")\n  .set(\"authorization\", `Bearer ${token}`)\n  .send(checkoutValido);\nexpect(resposta.status).to.equal(400);\nexpect(resposta.body).to.have.property(\n  \"error\",\n  \"Dados do cartão obrigatórios para pagamento com cartão\"\n);",
                  "err": {},
                  "uuid": "65fbc6ed-c35f-496d-8a9c-278445d24460",
                  "parentUUID": "38c39105-9f04-4ff8-9b22-9a97d3fa1404",
                  "isHook": false,
                  "skipped": false
                }
              ],
              "suites": [],
              "passes": [
                "35d91a70-45c8-40cb-b71c-ba095f8e98f9",
                "65fbc6ed-c35f-496d-8a9c-278445d24460"
              ],
              "failures": [],
              "pending": [],
              "skipped": [],
              "duration": 55,
              "root": false,
              "rootEmpty": false,
              "_timeout": 10000
            }
          ],
          "passes": [],
          "failures": [],
          "pending": [],
          "skipped": [],
          "duration": 0,
          "root": false,
          "rootEmpty": false,
          "_timeout": 10000
        }
      ],
      "passes": [],
      "failures": [],
      "pending": [],
      "skipped": [],
      "duration": 0,
      "root": true,
      "rootEmpty": true,
      "_timeout": 10000
    }
  ],
  "meta": {
    "mocha": {
      "version": "11.7.2"
    },
    "mochawesome": {
      "options": {
        "quiet": false,
        "reportFilename": "mochawesome",
        "saveHtml": true,
        "saveJson": true,
        "consoleReporter": "spec",
        "useInlineDiffs": false,
        "code": true
      },
      "version": "7.1.3"
    },
    "marge": {
      "options": null,
      "version": "6.2.0"
    }
  }
}